{"/Users/arpad/Downloads/utolso/app/scripts/main.tsx": {"path":"/Users/arpad/Downloads/utolso/app/scripts/main.tsx","statementMap":{"0":{"start":{"line":1,"column":0},"end":{"line":1,"column":26}},"1":{"start":{"line":2,"column":0},"end":{"line":2,"column":42}},"2":{"start":{"line":3,"column":0},"end":{"line":3,"column":42}},"3":{"start":{"line":4,"column":0},"end":{"line":4,"column":41}},"4":{"start":{"line":5,"column":0},"end":{"line":5,"column":41}},"5":{"start":{"line":8,"column":2},"end":{"line":17,"column":4}},"6":{"start":{"line":7,"column":0},"end":{"line":7,"column":16}}},"fnMap":{"0":{"name":"App","decl":{"start":{"line":7,"column":16},"end":{"line":7,"column":19}},"loc":{"start":{"line":7,"column":19},"end":{"line":18,"column":1}}}},"branchMap":{},"s":{"0":1,"1":1,"2":1,"3":1,"4":1,"5":1,"6":1},"f":{"0":1},"b":{}}
,"/Users/arpad/Downloads/utolso/app/scripts/components/home.tsx": {"path":"/Users/arpad/Downloads/utolso/app/scripts/components/home.tsx","statementMap":{"0":{"start":{"line":1,"column":0},"end":{"line":1,"column":26}},"1":{"start":{"line":4,"column":2},"end":{"line":4,"column":70}},"2":{"start":{"line":3,"column":0},"end":{"line":3,"column":16}}},"fnMap":{"0":{"name":"Home","decl":{"start":{"line":3,"column":16},"end":{"line":3,"column":20}},"loc":{"start":{"line":3,"column":20},"end":{"line":5,"column":1}}}},"branchMap":{},"s":{"0":2,"1":2,"2":2},"f":{"0":2},"b":{}}
,"/Users/arpad/Downloads/utolso/app/scripts/components/menu.tsx": {"path":"/Users/arpad/Downloads/utolso/app/scripts/components/menu.tsx","statementMap":{"0":{"start":{"line":1,"column":0},"end":{"line":1,"column":26}},"1":{"start":{"line":2,"column":0},"end":{"line":2,"column":46}},"2":{"start":{"line":3,"column":0},"end":{"line":3,"column":34}},"3":{"start":{"line":4,"column":0},"end":{"line":4,"column":38}},"4":{"start":{"line":5,"column":0},"end":{"line":5,"column":56}},"5":{"start":{"line":8,"column":2},"end":{"line":22,"column":4}},"6":{"start":{"line":7,"column":0},"end":{"line":7,"column":16}},"7":{"start":{"line":31,"column":2},"end":{"line":56,"column":4}},"8":{"start":{"line":60,"column":2},"end":{"line":67,"column":4}},"9":{"start":{"line":71,"column":2},"end":{"line":79,"column":4}},"10":{"start":{"line":83,"column":2},"end":{"line":87,"column":4}},"11":{"start":{"line":91,"column":2},"end":{"line":95,"column":4}}},"fnMap":{"0":{"name":"Menu","decl":{"start":{"line":7,"column":16},"end":{"line":7,"column":20}},"loc":{"start":{"line":7,"column":20},"end":{"line":23,"column":1}}},"1":{"name":"Nav","decl":{"start":{"line":30,"column":9},"end":{"line":30,"column":12}},"loc":{"start":{"line":30,"column":12},"end":{"line":57,"column":1}}},"2":{"name":"Logo","decl":{"start":{"line":59,"column":9},"end":{"line":59,"column":13}},"loc":{"start":{"line":59,"column":13},"end":{"line":68,"column":1}}},"3":{"name":"PromoStrip","decl":{"start":{"line":70,"column":9},"end":{"line":70,"column":19}},"loc":{"start":{"line":70,"column":19},"end":{"line":80,"column":1}}},"4":{"name":"MyMacLink","decl":{"start":{"line":82,"column":9},"end":{"line":82,"column":18}},"loc":{"start":{"line":82,"column":18},"end":{"line":88,"column":1}}},"5":{"name":"ShoppingCartLink","decl":{"start":{"line":90,"column":9},"end":{"line":90,"column":25}},"loc":{"start":{"line":90,"column":25},"end":{"line":96,"column":1}}}},"branchMap":{},"s":{"0":2,"1":2,"2":2,"3":2,"4":2,"5":2,"6":2,"7":2,"8":2,"9":2,"10":2,"11":2},"f":{"0":2,"1":2,"2":2,"3":2,"4":2,"5":2},"b":{}}
,"/Users/arpad/Downloads/utolso/app/scripts/components/products.tsx": {"path":"/Users/arpad/Downloads/utolso/app/scripts/components/products.tsx","statementMap":{"0":{"start":{"line":1,"column":0},"end":{"line":1,"column":26}},"1":{"start":{"line":2,"column":0},"end":{"line":2,"column":36}},"2":{"start":{"line":3,"column":0},"end":{"line":3,"column":46}},"3":{"start":{"line":4,"column":0},"end":{"line":4,"column":51}},"4":{"start":{"line":7,"column":57},"end":{"line":7,"column":70}},"5":{"start":{"line":12,"column":23},"end":{"line":14,"column":26}},"6":{"start":{"line":13,"column":4},"end":{"line":13,"column":30}},"7":{"start":{"line":16,"column":36},"end":{"line":16,"column":77}},"8":{"start":{"line":18,"column":2},"end":{"line":20,"column":null}},"9":{"start":{"line":19,"column":4},"end":{"line":19,"column":16}},"10":{"start":{"line":22,"column":2},"end":{"line":56,"column":4}},"11":{"start":{"line":39,"column":48},"end":{"line":39,"column":55}},"12":{"start":{"line":40,"column":10},"end":{"line":52,"column":12}},"13":{"start":{"line":6,"column":0},"end":{"line":6,"column":16}}},"fnMap":{"0":{"name":"Products","decl":{"start":{"line":6,"column":16},"end":{"line":6,"column":24}},"loc":{"start":{"line":6,"column":24},"end":{"line":57,"column":1}}},"1":{"name":"(anonymous_2)","decl":{"start":{"line":12,"column":35},"end":{"line":12,"column":38}},"loc":{"start":{"line":12,"column":40},"end":{"line":14,"column":3}}},"2":{"name":"(anonymous_3)","decl":{"start":{"line":38,"column":34},"end":{"line":38,"column":35}},"loc":{"start":{"line":38,"column":46},"end":{"line":53,"column":9}}}},"branchMap":{"0":{"loc":{"start":{"line":16,"column":36},"end":{"line":16,"column":77}},"type":"cond-expr","locations":[{"start":{"line":16,"column":58},"end":{"line":16,"column":59}},{"start":{"line":16,"column":62},"end":{"line":16,"column":77}}]},"1":{"loc":{"start":{"line":18,"column":2},"end":{"line":20,"column":null}},"type":"if","locations":[{"start":{"line":18,"column":2},"end":{"line":20,"column":null}}]}},"s":{"0":3,"1":3,"2":3,"3":3,"4":4,"5":4,"6":1,"7":4,"8":4,"9":2,"10":2,"11":5,"12":5,"13":3},"f":{"0":4,"1":1,"2":5},"b":{"0":[1,3],"1":[2]}}
,"/Users/arpad/Downloads/utolso/app/scripts/components/search.tsx": {"path":"/Users/arpad/Downloads/utolso/app/scripts/components/search.tsx","statementMap":{"0":{"start":{"line":1,"column":0},"end":{"line":1,"column":39}},"1":{"start":{"line":2,"column":0},"end":{"line":2,"column":36}},"2":{"start":{"line":3,"column":0},"end":{"line":3,"column":37}},"3":{"start":{"line":4,"column":0},"end":{"line":4,"column":56}},"4":{"start":{"line":5,"column":0},"end":{"line":5,"column":51}},"5":{"start":{"line":9,"column":28},"end":{"line":9,"column":37}},"6":{"start":{"line":10,"column":49},"end":{"line":10,"column":62}},"7":{"start":{"line":12,"column":19},"end":{"line":35,"column":null}},"8":{"start":{"line":25,"column":67},"end":{"line":34,"column":null}},"9":{"start":{"line":26,"column":6},"end":{"line":33,"column":null}},"10":{"start":{"line":27,"column":36},"end":{"line":27,"column":68}},"11":{"start":{"line":28,"column":8},"end":{"line":28,"column":33}},"12":{"start":{"line":29,"column":8},"end":{"line":29,"column":33}},"13":{"start":{"line":32,"column":8},"end":{"line":32,"column":50}},"14":{"start":{"line":38,"column":30},"end":{"line":40,"column":null}},"15":{"start":{"line":39,"column":10},"end":{"line":39,"column":58}},"16":{"start":{"line":43,"column":2},"end":{"line":50,"column":4}},"17":{"start":{"line":8,"column":0},"end":{"line":8,"column":16}}},"fnMap":{"0":{"name":"Search","decl":{"start":{"line":8,"column":16},"end":{"line":8,"column":22}},"loc":{"start":{"line":8,"column":22},"end":{"line":51,"column":1}}},"1":{"name":"(anonymous_14)","decl":{"start":{"line":25,"column":4},"end":{"line":25,"column":11}},"loc":{"start":{"line":25,"column":67},"end":{"line":34,"column":null}}},"2":{"name":"(anonymous_15)","decl":{"start":{"line":25,"column":67},"end":{"line":25,"column":null}},"loc":{"start":{"line":25,"column":67},"end":{"line":34,"column":5}}},"3":{"name":"(anonymous_16)","decl":{"start":{"line":39,"column":4},"end":{"line":39,"column":7}},"loc":{"start":{"line":39,"column":10},"end":{"line":39,"column":58}}}},"branchMap":{},"s":{"0":3,"1":3,"2":3,"3":3,"4":3,"5":5,"6":5,"7":5,"8":2,"9":2,"10":2,"11":1,"12":1,"13":1,"14":5,"15":4,"16":5,"17":3},"f":{"0":5,"1":2,"2":2,"3":4},"b":{}}
,"/Users/arpad/Downloads/utolso/app/scripts/contexts/products.tsx": {"path":"/Users/arpad/Downloads/utolso/app/scripts/contexts/products.tsx","statementMap":{"0":{"start":{"line":1,"column":0},"end":{"line":1,"column":41}},"1":{"start":{"line":2,"column":0},"end":{"line":2,"column":null}},"2":{"start":{"line":9,"column":0},"end":{"line":9,"column":null}},"3":{"start":{"line":17,"column":2},"end":{"line":17,"column":14}},"4":{"start":{"line":16,"column":0},"end":{"line":16,"column":16}},"5":{"start":{"line":20,"column":13},"end":{"line":34,"column":3}},"6":{"start":{"line":36,"column":32},"end":{"line":66,"column":1}},"7":{"start":{"line":41,"column":28},"end":{"line":41,"column":69}},"8":{"start":{"line":43,"column":25},"end":{"line":45,"column":8}},"9":{"start":{"line":44,"column":4},"end":{"line":44,"column":61}},"10":{"start":{"line":47,"column":29},"end":{"line":49,"column":8}},"11":{"start":{"line":48,"column":4},"end":{"line":48,"column":70}},"12":{"start":{"line":51,"column":16},"end":{"line":58,"column":null}},"13":{"start":{"line":52,"column":11},"end":{"line":57,"column":6}},"14":{"start":{"line":61,"column":2},"end":{"line":65,"column":4}},"15":{"start":{"line":36,"column":13},"end":{"line":36,"column":32}},"16":{"start":{"line":68,"column":27},"end":{"line":76,"column":1}},"17":{"start":{"line":69,"column":18},"end":{"line":69,"column":45}},"18":{"start":{"line":71,"column":2},"end":{"line":73,"column":null}},"19":{"start":{"line":72,"column":4},"end":{"line":72,"column":71}},"20":{"start":{"line":75,"column":2},"end":{"line":75,"column":17}},"21":{"start":{"line":68,"column":13},"end":{"line":68,"column":27}}},"fnMap":{"0":{"name":"emptyFunction","decl":{"start":{"line":16,"column":16},"end":{"line":16,"column":29}},"loc":{"start":{"line":16,"column":29},"end":{"line":18,"column":1}}},"1":{"name":"(anonymous_2)","decl":{"start":{"line":36,"column":32},"end":{"line":36,"column":33}},"loc":{"start":{"line":40,"column":16},"end":{"line":66,"column":1}}},"2":{"name":"(anonymous_3)","decl":{"start":{"line":43,"column":37},"end":{"line":43,"column":38}},"loc":{"start":{"line":43,"column":61},"end":{"line":45,"column":3}}},"3":{"name":"(anonymous_4)","decl":{"start":{"line":47,"column":41},"end":{"line":47,"column":42}},"loc":{"start":{"line":47,"column":67},"end":{"line":49,"column":3}}},"4":{"name":"(anonymous_5)","decl":{"start":{"line":52,"column":4},"end":{"line":52,"column":7}},"loc":{"start":{"line":52,"column":11},"end":{"line":57,"column":6}}},"5":{"name":"(anonymous_6)","decl":{"start":{"line":68,"column":27},"end":{"line":68,"column":30}},"loc":{"start":{"line":68,"column":32},"end":{"line":76,"column":1}}}},"branchMap":{"0":{"loc":{"start":{"line":71,"column":2},"end":{"line":73,"column":null}},"type":"if","locations":[{"start":{"line":71,"column":2},"end":{"line":73,"column":null}}]}},"s":{"0":5,"1":5,"2":5,"3":1,"4":5,"5":5,"6":5,"7":11,"8":11,"9":2,"10":11,"11":2,"12":11,"13":11,"14":11,"15":5,"16":5,"17":9,"18":9,"19":1,"20":8,"21":5},"f":{"0":1,"1":11,"2":2,"3":2,"4":11,"5":9},"b":{"0":[1]}}
,"/Users/arpad/Downloads/utolso/app/scripts/reducers/products.ts": {"path":"/Users/arpad/Downloads/utolso/app/scripts/reducers/products.ts","statementMap":{"0":{"start":{"line":24,"column":13},"end":{"line":27,"column":2}},"1":{"start":{"line":29,"column":31},"end":{"line":55,"column":1}},"2":{"start":{"line":33,"column":28},"end":{"line":33,"column":34}},"3":{"start":{"line":35,"column":2},"end":{"line":54,"column":null}},"4":{"start":{"line":40,"column":6},"end":{"line":42,"column":null}},"5":{"start":{"line":45,"column":6},"end":{"line":47,"column":null}},"6":{"start":{"line":53,"column":6},"end":{"line":53,"column":19}},"7":{"start":{"line":29,"column":13},"end":{"line":29,"column":31}}},"fnMap":{"0":{"name":"(anonymous_0)","decl":{"start":{"line":29,"column":31},"end":{"line":29,"column":null}},"loc":{"start":{"line":32,"column":18},"end":{"line":55,"column":1}}}},"branchMap":{"0":{"loc":{"start":{"line":35,"column":2},"end":{"line":54,"column":null}},"type":"switch","locations":[{"start":{"line":39,"column":4},"end":{"line":42,"column":null}},{"start":{"line":44,"column":4},"end":{"line":47,"column":null}},{"start":{"line":49,"column":4},"end":{"line":53,"column":19}}]}},"s":{"0":6,"1":6,"2":5,"3":5,"4":2,"5":2,"6":1,"7":6},"f":{"0":5},"b":{"0":[2,2,1]}}
,"/Users/arpad/Downloads/utolso/app/scripts/utils/services.ts": {"path":"/Users/arpad/Downloads/utolso/app/scripts/utils/services.ts","statementMap":{"0":{"start":{"line":4,"column":13},"end":{"line":4,"column":48}},"1":{"start":{"line":18,"column":13},"end":{"line":24,"column":2}},"2":{"start":{"line":31,"column":2},"end":{"line":39,"column":null}},"3":{"start":{"line":32,"column":21},"end":{"line":34,"column":null}},"4":{"start":{"line":36,"column":4},"end":{"line":36,"column":27}},"5":{"start":{"line":38,"column":4},"end":{"line":38,"column":25}},"6":{"start":{"line":30,"column":0},"end":{"line":30,"column":22}},"7":{"start":{"line":43,"column":13},"end":{"line":43,"column":40}},"8":{"start":{"line":46,"column":14},"end":{"line":46,"column":42}},"9":{"start":{"line":47,"column":15},"end":{"line":47,"column":36}},"10":{"start":{"line":48,"column":2},"end":{"line":48,"column":25}},"11":{"start":{"line":45,"column":0},"end":{"line":45,"column":16}}},"fnMap":{"0":{"name":"POST","decl":{"start":{"line":30,"column":22},"end":{"line":30,"column":26}},"loc":{"start":{"line":30,"column":50},"end":{"line":40,"column":null}}},"1":{"name":"fetchProductsByName","decl":{"start":{"line":45,"column":16},"end":{"line":45,"column":35}},"loc":{"start":{"line":45,"column":55},"end":{"line":49,"column":1}}}},"branchMap":{},"s":{"0":4,"1":4,"2":3,"3":3,"4":2,"5":1,"6":4,"7":4,"8":1,"9":1,"10":1,"11":4},"f":{"0":3,"1":1},"b":{}}
}
