{"/Users/arpad/Downloads/utolso/app/scripts/main.tsx": {"path":"/Users/arpad/Downloads/utolso/app/scripts/main.tsx","statementMap":{"0":{"start":{"line":1,"column":0},"end":{"line":1,"column":26}},"1":{"start":{"line":2,"column":0},"end":{"line":2,"column":42}},"2":{"start":{"line":3,"column":0},"end":{"line":3,"column":42}},"3":{"start":{"line":4,"column":0},"end":{"line":4,"column":41}},"4":{"start":{"line":5,"column":0},"end":{"line":5,"column":41}},"5":{"start":{"line":8,"column":2},"end":{"line":17,"column":4}},"6":{"start":{"line":7,"column":0},"end":{"line":7,"column":16}}},"fnMap":{"0":{"name":"App","decl":{"start":{"line":7,"column":16},"end":{"line":7,"column":19}},"loc":{"start":{"line":7,"column":19},"end":{"line":18,"column":1}}}},"branchMap":{},"s":{"0":0,"1":0,"2":0,"3":0,"4":0,"5":0,"6":0},"f":{"0":0},"b":{}}
,"/Users/arpad/Downloads/utolso/app/scripts/components/home.tsx": {"path":"/Users/arpad/Downloads/utolso/app/scripts/components/home.tsx","statementMap":{"0":{"start":{"line":1,"column":0},"end":{"line":1,"column":26}},"1":{"start":{"line":4,"column":2},"end":{"line":4,"column":53}},"2":{"start":{"line":3,"column":0},"end":{"line":3,"column":16}}},"fnMap":{"0":{"name":"Home","decl":{"start":{"line":3,"column":16},"end":{"line":3,"column":20}},"loc":{"start":{"line":3,"column":20},"end":{"line":5,"column":1}}}},"branchMap":{},"s":{"0":0,"1":0,"2":0},"f":{"0":0},"b":{}}
,"/Users/arpad/Downloads/utolso/app/scripts/components/menu.tsx": {"path":"/Users/arpad/Downloads/utolso/app/scripts/components/menu.tsx","statementMap":{"0":{"start":{"line":1,"column":0},"end":{"line":1,"column":26}},"1":{"start":{"line":2,"column":0},"end":{"line":2,"column":46}},"2":{"start":{"line":3,"column":0},"end":{"line":3,"column":34}},"3":{"start":{"line":4,"column":0},"end":{"line":4,"column":38}},"4":{"start":{"line":5,"column":0},"end":{"line":5,"column":56}},"5":{"start":{"line":8,"column":2},"end":{"line":22,"column":4}},"6":{"start":{"line":7,"column":0},"end":{"line":7,"column":16}},"7":{"start":{"line":31,"column":2},"end":{"line":59,"column":4}},"8":{"start":{"line":63,"column":2},"end":{"line":70,"column":4}},"9":{"start":{"line":74,"column":2},"end":{"line":82,"column":4}},"10":{"start":{"line":86,"column":2},"end":{"line":90,"column":4}},"11":{"start":{"line":94,"column":2},"end":{"line":98,"column":4}}},"fnMap":{"0":{"name":"Menu","decl":{"start":{"line":7,"column":16},"end":{"line":7,"column":20}},"loc":{"start":{"line":7,"column":20},"end":{"line":23,"column":1}}},"1":{"name":"Nav","decl":{"start":{"line":30,"column":9},"end":{"line":30,"column":12}},"loc":{"start":{"line":30,"column":12},"end":{"line":60,"column":1}}},"2":{"name":"Logo","decl":{"start":{"line":62,"column":9},"end":{"line":62,"column":13}},"loc":{"start":{"line":62,"column":13},"end":{"line":71,"column":1}}},"3":{"name":"PromoStrip","decl":{"start":{"line":73,"column":9},"end":{"line":73,"column":19}},"loc":{"start":{"line":73,"column":19},"end":{"line":83,"column":1}}},"4":{"name":"MyMacLink","decl":{"start":{"line":85,"column":9},"end":{"line":85,"column":18}},"loc":{"start":{"line":85,"column":18},"end":{"line":91,"column":1}}},"5":{"name":"ShoppingCartLink","decl":{"start":{"line":93,"column":9},"end":{"line":93,"column":25}},"loc":{"start":{"line":93,"column":25},"end":{"line":99,"column":1}}}},"branchMap":{},"s":{"0":0,"1":0,"2":0,"3":0,"4":0,"5":0,"6":0,"7":0,"8":0,"9":0,"10":0,"11":0},"f":{"0":0,"1":0,"2":0,"3":0,"4":0,"5":0},"b":{}}
,"/Users/arpad/Downloads/utolso/app/scripts/components/products.tsx": {"path":"/Users/arpad/Downloads/utolso/app/scripts/components/products.tsx","statementMap":{"0":{"start":{"line":1,"column":0},"end":{"line":1,"column":26}},"1":{"start":{"line":2,"column":0},"end":{"line":2,"column":45}},"2":{"start":{"line":3,"column":0},"end":{"line":3,"column":46}},"3":{"start":{"line":4,"column":0},"end":{"line":4,"column":51}},"4":{"start":{"line":7,"column":57},"end":{"line":7,"column":70}},"5":{"start":{"line":13,"column":23},"end":{"line":15,"column":26}},"6":{"start":{"line":14,"column":4},"end":{"line":14,"column":30}},"7":{"start":{"line":17,"column":36},"end":{"line":19,"column":null}},"8":{"start":{"line":18,"column":11},"end":{"line":18,"column":52}},"9":{"start":{"line":21,"column":2},"end":{"line":21,"column":36}},"10":{"start":{"line":22,"column":2},"end":{"line":22,"column":44}},"11":{"start":{"line":23,"column":2},"end":{"line":25,"column":null}},"12":{"start":{"line":24,"column":4},"end":{"line":24,"column":16}},"13":{"start":{"line":27,"column":2},"end":{"line":60,"column":4}},"14":{"start":{"line":44,"column":10},"end":{"line":56,"column":12}},"15":{"start":{"line":6,"column":0},"end":{"line":6,"column":16}}},"fnMap":{"0":{"name":"Products","decl":{"start":{"line":6,"column":16},"end":{"line":6,"column":24}},"loc":{"start":{"line":6,"column":24},"end":{"line":61,"column":1}}},"1":{"name":"(anonymous_2)","decl":{"start":{"line":13,"column":35},"end":{"line":13,"column":38}},"loc":{"start":{"line":13,"column":40},"end":{"line":15,"column":3}}},"2":{"name":"(anonymous_3)","decl":{"start":{"line":18,"column":4},"end":{"line":18,"column":7}},"loc":{"start":{"line":18,"column":11},"end":{"line":18,"column":52}}},"3":{"name":"(anonymous_4)","decl":{"start":{"line":43,"column":34},"end":{"line":43,"column":35}},"loc":{"start":{"line":43,"column":46},"end":{"line":57,"column":9}}}},"branchMap":{"0":{"loc":{"start":{"line":18,"column":11},"end":{"line":18,"column":52}},"type":"cond-expr","locations":[{"start":{"line":18,"column":33},"end":{"line":18,"column":34}},{"start":{"line":18,"column":37},"end":{"line":18,"column":52}}]},"1":{"loc":{"start":{"line":23,"column":2},"end":{"line":25,"column":null}},"type":"if","locations":[{"start":{"line":23,"column":2},"end":{"line":25,"column":null}}]}},"s":{"0":0,"1":0,"2":0,"3":0,"4":0,"5":0,"6":0,"7":0,"8":0,"9":0,"10":0,"11":0,"12":0,"13":0,"14":0,"15":0},"f":{"0":0,"1":0,"2":0,"3":0},"b":{"0":[0,0],"1":[0]}}
,"/Users/arpad/Downloads/utolso/app/scripts/components/search.tsx": {"path":"/Users/arpad/Downloads/utolso/app/scripts/components/search.tsx","statementMap":{"0":{"start":{"line":1,"column":0},"end":{"line":1,"column":39}},"1":{"start":{"line":2,"column":0},"end":{"line":2,"column":36}},"2":{"start":{"line":3,"column":0},"end":{"line":3,"column":37}},"3":{"start":{"line":4,"column":0},"end":{"line":4,"column":56}},"4":{"start":{"line":5,"column":0},"end":{"line":5,"column":51}},"5":{"start":{"line":8,"column":28},"end":{"line":8,"column":37}},"6":{"start":{"line":9,"column":49},"end":{"line":9,"column":62}},"7":{"start":{"line":11,"column":19},"end":{"line":32,"column":null}},"8":{"start":{"line":22,"column":36},"end":{"line":31,"column":null}},"9":{"start":{"line":23,"column":6},"end":{"line":30,"column":null}},"10":{"start":{"line":24,"column":25},"end":{"line":24,"column":57}},"11":{"start":{"line":25,"column":8},"end":{"line":25,"column":33}},"12":{"start":{"line":26,"column":8},"end":{"line":26,"column":33}},"13":{"start":{"line":29,"column":8},"end":{"line":29,"column":50}},"14":{"start":{"line":34,"column":22},"end":{"line":36,"column":null}},"15":{"start":{"line":35,"column":10},"end":{"line":35,"column":58}},"16":{"start":{"line":39,"column":2},"end":{"line":43,"column":4}},"17":{"start":{"line":7,"column":0},"end":{"line":7,"column":16}}},"fnMap":{"0":{"name":"Search","decl":{"start":{"line":7,"column":16},"end":{"line":7,"column":22}},"loc":{"start":{"line":7,"column":22},"end":{"line":44,"column":1}}},"1":{"name":"(anonymous_14)","decl":{"start":{"line":22,"column":4},"end":{"line":22,"column":11}},"loc":{"start":{"line":22,"column":36},"end":{"line":31,"column":null}}},"2":{"name":"(anonymous_15)","decl":{"start":{"line":22,"column":36},"end":{"line":22,"column":null}},"loc":{"start":{"line":22,"column":36},"end":{"line":31,"column":5}}},"3":{"name":"(anonymous_16)","decl":{"start":{"line":35,"column":4},"end":{"line":35,"column":7}},"loc":{"start":{"line":35,"column":10},"end":{"line":35,"column":58}}}},"branchMap":{},"s":{"0":1,"1":1,"2":1,"3":1,"4":1,"5":1,"6":1,"7":1,"8":1,"9":1,"10":1,"11":0,"12":0,"13":1,"14":1,"15":1,"16":1,"17":1},"f":{"0":1,"1":1,"2":1,"3":1},"b":{}}
,"/Users/arpad/Downloads/utolso/app/scripts/contexts/products.tsx": {"path":"/Users/arpad/Downloads/utolso/app/scripts/contexts/products.tsx","statementMap":{"0":{"start":{"line":1,"column":0},"end":{"line":1,"column":26}},"1":{"start":{"line":2,"column":0},"end":{"line":2,"column":null}},"2":{"start":{"line":9,"column":0},"end":{"line":9,"column":null}},"3":{"start":{"line":16,"column":24},"end":{"line":21,"column":78}},"4":{"start":{"line":23,"column":32},"end":{"line":49,"column":1}},"5":{"start":{"line":24,"column":28},"end":{"line":24,"column":69}},"6":{"start":{"line":26,"column":25},"end":{"line":28,"column":8}},"7":{"start":{"line":27,"column":4},"end":{"line":27,"column":61}},"8":{"start":{"line":30,"column":29},"end":{"line":32,"column":8}},"9":{"start":{"line":31,"column":4},"end":{"line":31,"column":70}},"10":{"start":{"line":34,"column":16},"end":{"line":41,"column":null}},"11":{"start":{"line":35,"column":11},"end":{"line":40,"column":6}},"12":{"start":{"line":44,"column":2},"end":{"line":48,"column":4}},"13":{"start":{"line":23,"column":13},"end":{"line":23,"column":32}},"14":{"start":{"line":51,"column":27},"end":{"line":59,"column":1}},"15":{"start":{"line":52,"column":18},"end":{"line":52,"column":45}},"16":{"start":{"line":54,"column":2},"end":{"line":56,"column":null}},"17":{"start":{"line":55,"column":4},"end":{"line":55,"column":71}},"18":{"start":{"line":58,"column":2},"end":{"line":58,"column":17}},"19":{"start":{"line":51,"column":13},"end":{"line":51,"column":27}}},"fnMap":{"0":{"name":"(anonymous_1)","decl":{"start":{"line":21,"column":37},"end":{"line":21,"column":40}},"loc":{"start":{"line":21,"column":42},"end":{"line":21,"column":45}}},"1":{"name":"(anonymous_2)","decl":{"start":{"line":21,"column":67},"end":{"line":21,"column":70}},"loc":{"start":{"line":21,"column":72},"end":{"line":21,"column":75}}},"2":{"name":"(anonymous_3)","decl":{"start":{"line":23,"column":32},"end":{"line":23,"column":33}},"loc":{"start":{"line":23,"column":49},"end":{"line":49,"column":1}}},"3":{"name":"(anonymous_4)","decl":{"start":{"line":26,"column":37},"end":{"line":26,"column":38}},"loc":{"start":{"line":26,"column":50},"end":{"line":28,"column":3}}},"4":{"name":"(anonymous_5)","decl":{"start":{"line":30,"column":41},"end":{"line":30,"column":42}},"loc":{"start":{"line":30,"column":58},"end":{"line":32,"column":3}}},"5":{"name":"(anonymous_6)","decl":{"start":{"line":35,"column":4},"end":{"line":35,"column":7}},"loc":{"start":{"line":35,"column":11},"end":{"line":40,"column":6}}},"6":{"name":"(anonymous_7)","decl":{"start":{"line":51,"column":27},"end":{"line":51,"column":30}},"loc":{"start":{"line":51,"column":32},"end":{"line":59,"column":1}}}},"branchMap":{"0":{"loc":{"start":{"line":54,"column":2},"end":{"line":56,"column":null}},"type":"if","locations":[{"start":{"line":54,"column":2},"end":{"line":56,"column":null}}]}},"s":{"0":1,"1":1,"2":1,"3":1,"4":1,"5":0,"6":0,"7":0,"8":0,"9":0,"10":0,"11":0,"12":0,"13":1,"14":1,"15":1,"16":1,"17":0,"18":1,"19":1},"f":{"0":0,"1":0,"2":0,"3":0,"4":0,"5":0,"6":1},"b":{"0":[0]}}
,"/Users/arpad/Downloads/utolso/app/scripts/reducers/products.ts": {"path":"/Users/arpad/Downloads/utolso/app/scripts/reducers/products.ts","statementMap":{"0":{"start":{"line":24,"column":13},"end":{"line":27,"column":2}},"1":{"start":{"line":29,"column":31},"end":{"line":55,"column":1}},"2":{"start":{"line":33,"column":28},"end":{"line":33,"column":34}},"3":{"start":{"line":35,"column":2},"end":{"line":54,"column":null}},"4":{"start":{"line":40,"column":6},"end":{"line":42,"column":null}},"5":{"start":{"line":45,"column":6},"end":{"line":47,"column":null}},"6":{"start":{"line":53,"column":6},"end":{"line":53,"column":19}},"7":{"start":{"line":29,"column":13},"end":{"line":29,"column":31}}},"fnMap":{"0":{"name":"(anonymous_0)","decl":{"start":{"line":29,"column":31},"end":{"line":29,"column":null}},"loc":{"start":{"line":32,"column":18},"end":{"line":55,"column":1}}}},"branchMap":{"0":{"loc":{"start":{"line":35,"column":2},"end":{"line":54,"column":null}},"type":"switch","locations":[{"start":{"line":39,"column":4},"end":{"line":42,"column":null}},{"start":{"line":44,"column":4},"end":{"line":47,"column":null}},{"start":{"line":49,"column":4},"end":{"line":53,"column":19}}]}},"s":{"0":1,"1":1,"2":0,"3":0,"4":0,"5":0,"6":0,"7":1},"f":{"0":0},"b":{"0":[0,0,0]}}
,"/Users/arpad/Downloads/utolso/app/scripts/utils/services.ts": {"path":"/Users/arpad/Downloads/utolso/app/scripts/utils/services.ts","statementMap":{"0":{"start":{"line":2,"column":13},"end":{"line":2,"column":48}},"1":{"start":{"line":8,"column":13},"end":{"line":14,"column":2}},"2":{"start":{"line":17,"column":2},"end":{"line":26,"column":null}},"3":{"start":{"line":18,"column":4},"end":{"line":18,"column":59}},"4":{"start":{"line":19,"column":21},"end":{"line":21,"column":null}},"5":{"start":{"line":23,"column":4},"end":{"line":23,"column":27}},"6":{"start":{"line":25,"column":4},"end":{"line":25,"column":16}},"7":{"start":{"line":16,"column":0},"end":{"line":16,"column":22}},"8":{"start":{"line":30,"column":13},"end":{"line":30,"column":40}},"9":{"start":{"line":33,"column":14},"end":{"line":33,"column":42}},"10":{"start":{"line":34,"column":15},"end":{"line":34,"column":36}},"11":{"start":{"line":35,"column":2},"end":{"line":35,"column":25}},"12":{"start":{"line":32,"column":0},"end":{"line":32,"column":16}}},"fnMap":{"0":{"name":"POST","decl":{"start":{"line":16,"column":22},"end":{"line":16,"column":26}},"loc":{"start":{"line":16,"column":36},"end":{"line":27,"column":null}}},"1":{"name":"fetchProductsByName","decl":{"start":{"line":32,"column":16},"end":{"line":32,"column":35}},"loc":{"start":{"line":32,"column":47},"end":{"line":36,"column":1}}}},"branchMap":{},"s":{"0":1,"1":1,"2":1,"3":1,"4":1,"5":1,"6":0,"7":1,"8":1,"9":1,"10":1,"11":1,"12":1},"f":{"0":1,"1":1},"b":{}}
}
