TN:
SF:app/scripts/main.tsx
FN:7,App
FNF:1
FNH:1
FNDA:1,App
DA:1,1
DA:2,1
DA:3,1
DA:4,1
DA:5,1
DA:7,1
DA:8,1
LF:7
LH:7
BRF:0
BRH:0
end_of_record
TN:
SF:app/scripts/components/home.tsx
FN:3,Home
FNF:1
FNH:1
FNDA:2,Home
DA:1,2
DA:3,2
DA:4,2
LF:3
LH:3
BRF:0
BRH:0
end_of_record
TN:
SF:app/scripts/components/menu.tsx
FN:7,Menu
FN:30,Nav
FN:59,Logo
FN:70,PromoStrip
FN:82,MyMacLink
FN:90,ShoppingCartLink
FNF:6
FNH:6
FNDA:2,Menu
FNDA:2,Nav
FNDA:2,Logo
FNDA:2,PromoStrip
FNDA:2,MyMacLink
FNDA:2,ShoppingCartLink
DA:1,2
DA:2,2
DA:3,2
DA:4,2
DA:5,2
DA:7,2
DA:8,2
DA:31,2
DA:60,2
DA:71,2
DA:83,2
DA:91,2
LF:12
LH:12
BRF:0
BRH:0
end_of_record
TN:
SF:app/scripts/components/products.tsx
FN:6,Products
FN:12,(anonymous_2)
FN:38,(anonymous_3)
FNF:3
FNH:3
FNDA:4,Products
FNDA:1,(anonymous_2)
FNDA:5,(anonymous_3)
DA:1,3
DA:2,3
DA:3,3
DA:4,3
DA:6,3
DA:7,4
DA:12,4
DA:16,4
DA:18,4
DA:19,2
DA:22,2
DA:39,5
DA:40,5
LF:13
LH:13
BRDA:16,0,0,1
BRDA:16,0,1,3
BRDA:18,1,0,2
BRF:3
BRH:3
end_of_record
TN:
SF:app/scripts/components/search.tsx
FN:8,Search
FN:25,(anonymous_14)
FN:25,(anonymous_15)
FN:39,(anonymous_16)
FNF:4
FNH:4
FNDA:5,Search
FNDA:2,(anonymous_14)
FNDA:2,(anonymous_15)
FNDA:4,(anonymous_16)
DA:1,3
DA:2,3
DA:3,3
DA:4,3
DA:5,3
DA:8,3
DA:9,5
DA:10,5
DA:12,5
DA:25,2
DA:26,2
DA:27,2
DA:28,1
DA:29,1
DA:32,1
DA:38,5
DA:39,4
DA:43,5
LF:18
LH:18
BRF:0
BRH:0
end_of_record
TN:
SF:app/scripts/contexts/products.tsx
FN:16,emptyFunction
FN:36,(anonymous_2)
FN:43,(anonymous_3)
FN:47,(anonymous_4)
FN:52,(anonymous_5)
FN:68,(anonymous_6)
FNF:6
FNH:6
FNDA:1,emptyFunction
FNDA:11,(anonymous_2)
FNDA:2,(anonymous_3)
FNDA:2,(anonymous_4)
FNDA:11,(anonymous_5)
FNDA:9,(anonymous_6)
DA:1,5
DA:2,5
DA:9,5
DA:16,5
DA:17,1
DA:20,5
DA:36,5
DA:41,11
DA:43,11
DA:44,2
DA:47,11
DA:48,2
DA:51,11
DA:52,11
DA:61,11
DA:68,5
DA:69,9
DA:71,9
DA:72,1
DA:75,8
LF:20
LH:20
BRDA:71,0,0,1
BRF:1
BRH:1
end_of_record
TN:
SF:app/scripts/reducers/products.ts
FN:29,(anonymous_0)
FNF:1
FNH:1
FNDA:5,(anonymous_0)
DA:24,6
DA:29,6
DA:33,5
DA:35,5
DA:40,2
DA:45,2
DA:53,1
LF:7
LH:7
BRDA:35,0,0,2
BRDA:35,0,1,2
BRDA:35,0,2,1
BRF:3
BRH:3
end_of_record
TN:
SF:app/scripts/utils/services.ts
FN:30,POST
FN:45,fetchProductsByName
FNF:2
FNH:2
FNDA:3,POST
FNDA:1,fetchProductsByName
DA:4,4
DA:18,4
DA:30,4
DA:31,3
DA:32,3
DA:36,2
DA:38,1
DA:43,4
DA:45,4
DA:46,1
DA:47,1
DA:48,1
LF:12
LH:12
BRF:0
BRH:0
end_of_record
