TN:
SF:app/scripts/main.tsx
FN:7,App
FNF:1
FNH:1
FNDA:1,App
DA:1,1
DA:2,1
DA:3,1
DA:4,1
DA:5,1
DA:7,1
DA:8,1
LF:7
LH:7
BRF:0
BRH:0
end_of_record
TN:
SF:app/scripts/components/home.tsx
FN:3,Home
FNF:1
FNH:1
FNDA:2,Home
DA:1,2
DA:3,2
DA:4,2
LF:3
LH:3
BRF:0
BRH:0
end_of_record
TN:
SF:app/scripts/components/menu.tsx
FN:7,Menu
FN:30,Nav
FN:62,Logo
FN:73,PromoStrip
FN:85,MyMacLink
FN:93,ShoppingCartLink
FNF:6
FNH:6
FNDA:2,Menu
FNDA:2,Nav
FNDA:2,Logo
FNDA:2,PromoStrip
FNDA:2,MyMacLink
FNDA:2,ShoppingCartLink
DA:1,2
DA:2,2
DA:3,2
DA:4,2
DA:5,2
DA:7,2
DA:8,2
DA:31,2
DA:63,2
DA:74,2
DA:86,2
DA:94,2
LF:12
LH:12
BRF:0
BRH:0
end_of_record
TN:
SF:app/scripts/components/products.tsx
FN:6,Products
FN:13,(anonymous_2)
FN:18,(anonymous_3)
FN:43,(anonymous_4)
FNF:4
FNH:2
FNDA:3,Products
FNDA:0,(anonymous_2)
FNDA:3,(anonymous_3)
FNDA:0,(anonymous_4)
DA:1,3
DA:2,3
DA:3,3
DA:4,3
DA:6,3
DA:7,3
DA:13,3
DA:14,0
DA:17,3
DA:18,3
DA:21,3
DA:22,3
DA:23,3
DA:24,3
DA:27,0
DA:44,0
LF:16
LH:13
BRDA:18,0,0,0
BRDA:18,0,1,3
BRDA:23,1,0,3
BRF:3
BRH:2
end_of_record
TN:
SF:app/scripts/components/search.tsx
FN:7,Search
FN:22,(anonymous_14)
FN:22,(anonymous_15)
FN:35,(anonymous_16)
FNF:4
FNH:4
FNDA:3,Search
FNDA:1,(anonymous_14)
FNDA:1,(anonymous_15)
FNDA:3,(anonymous_16)
DA:1,3
DA:2,3
DA:3,3
DA:4,3
DA:5,3
DA:7,3
DA:8,3
DA:9,3
DA:11,3
DA:22,1
DA:23,1
DA:24,1
DA:25,1
DA:26,1
DA:29,0
DA:34,3
DA:35,3
DA:39,3
LF:18
LH:17
BRF:0
BRH:0
end_of_record
TN:
SF:app/scripts/contexts/products.tsx
FN:24,(anonymous_1)
FN:26,(anonymous_2)
FN:29,(anonymous_3)
FN:32,(anonymous_4)
FN:36,(anonymous_5)
FN:41,(anonymous_6)
FN:57,(anonymous_7)
FNF:7
FNH:5
FNDA:0,(anonymous_1)
FNDA:0,(anonymous_2)
FNDA:7,(anonymous_3)
FNDA:2,(anonymous_4)
FNDA:2,(anonymous_5)
FNDA:7,(anonymous_6)
FNDA:8,(anonymous_7)
DA:1,5
DA:2,5
DA:9,5
DA:16,5
DA:29,5
DA:30,7
DA:32,7
DA:33,2
DA:36,7
DA:37,2
DA:40,7
DA:41,7
DA:50,7
DA:57,5
DA:58,8
DA:60,8
DA:61,1
DA:64,7
LF:18
LH:18
BRDA:60,0,0,1
BRF:1
BRH:1
end_of_record
TN:
SF:app/scripts/reducers/products.ts
FN:29,(anonymous_0)
FNF:1
FNH:1
FNDA:3,(anonymous_0)
DA:24,6
DA:29,6
DA:33,3
DA:35,3
DA:40,1
DA:45,1
DA:53,1
LF:7
LH:7
BRDA:35,0,0,1
BRDA:35,0,1,1
BRDA:35,0,2,1
BRF:3
BRH:3
end_of_record
TN:
SF:app/scripts/utils/services.ts
FN:16,POST
FN:32,fetchProductsByName
FNF:2
FNH:2
FNDA:3,POST
FNDA:1,fetchProductsByName
DA:2,3
DA:8,3
DA:16,3
DA:17,3
DA:18,3
DA:19,3
DA:23,2
DA:25,1
DA:30,3
DA:32,3
DA:33,1
DA:34,1
DA:35,1
LF:13
LH:13
BRF:0
BRH:0
end_of_record
